EBS/build/outputs/logs/manifest-merger-debug-report.txt
-- Merging decision tree log ---
manifest
ADDED from SRL_SVN\EBS\AndroidManifest.xml:2:1-56:12
INJECTED from SRL_SVN\EBS\AndroidManifest.xml:2:1-56:12
INJECTED from SRL_SVN\EBS\AndroidManifest.xml:2:1-56:12
	package
		ADDED from SRL_SVN\EBS\AndroidManifest.xml:3:11-40
		INJECTED from SRL_SVN\EBS\AndroidManifest.xml
		INJECTED from SRL_SVN\EBS\AndroidManifest.xml
	xmlns:android
		ADDED from SRL_SVN\EBS\AndroidManifest.xml:2:11-69
uses-permission#android.permission.INTERNET
ADDED from SRL_SVN\EBS\AndroidManifest.xml:7:5-67
	android:name
		ADDED from SRL_SVN\EBS\AndroidManifest.xml:7:22-64
uses-permission#android.permission.ACCESS_NETWORK_STATE
ADDED from SRL_SVN\EBS\AndroidManifest.xml:8:5-79
	android:name
		ADDED from SRL_SVN\EBS\AndroidManifest.xml:8:22-76
uses-permission#android.permission.WRITE_EXTERNAL_STORAGE
ADDED from SRL_SVN\EBS\AndroidManifest.xml:9:5-81
	android:name
		ADDED from SRL_SVN\EBS\AndroidManifest.xml:9:22-78
uses-permission#android.permission.READ_PHONE_STATE
ADDED from SRL_SVN\EBS\AndroidManifest.xml:10:5-75
	android:name
		ADDED from SRL_SVN\EBS\AndroidManifest.xml:10:22-72
uses-permission#android.permission.READ_EXTERNAL_STORAGE
ADDED from SRL_SVN\EBS\AndroidManifest.xml:11:5-80
	android:name
		ADDED from SRL_SVN\EBS\AndroidManifest.xml:11:22-77
application
ADDED from SRL_SVN\EBS\AndroidManifest.xml:13:5-54:19
	android:label
		ADDED from SRL_SVN\EBS\AndroidManifest.xml:15:9-41
	android:allowBackup
		ADDED from SRL_SVN\EBS\AndroidManifest.xml:14:9-35
	android:theme
		ADDED from SRL_SVN\EBS\AndroidManifest.xml:16:9-40
activity#com.ebs.android.sdk.PaymentDetailActivity
ADDED from SRL_SVN\EBS\AndroidManifest.xml:17:9-21:20
	android:screenOrientation
		ADDED from SRL_SVN\EBS\AndroidManifest.xml:20:13-49
	android:label
		ADDED from SRL_SVN\EBS\AndroidManifest.xml:19:13-66
	android:name
		ADDED from SRL_SVN\EBS\AndroidManifest.xml:18:13-69
activity#com.ebs.android.sdk.PaymentActivity
ADDED from SRL_SVN\EBS\AndroidManifest.xml:22:9-28:20
	android:screenOrientation
		ADDED from SRL_SVN\EBS\AndroidManifest.xml:25:13-49
	android:label
		ADDED from SRL_SVN\EBS\AndroidManifest.xml:24:13-59
	android:windowSoftInputMode
		ADDED from SRL_SVN\EBS\AndroidManifest.xml:27:13-52
	android:theme
		ADDED from SRL_SVN\EBS\AndroidManifest.xml:26:13-56
	android:name
		ADDED from SRL_SVN\EBS\AndroidManifest.xml:23:13-63
activity#com.ebs.android.sdk.WebViewActivity
ADDED from SRL_SVN\EBS\AndroidManifest.xml:29:9-37:20
	android:screenOrientation
		ADDED from SRL_SVN\EBS\AndroidManifest.xml:33:13-49
	android:label
		ADDED from SRL_SVN\EBS\AndroidManifest.xml:31:13-59
	android:windowSoftInputMode
		ADDED from SRL_SVN\EBS\AndroidManifest.xml:35:13-86
	android:configChanges
		ADDED from SRL_SVN\EBS\AndroidManifest.xml:34:13-63
	android:theme
		ADDED from SRL_SVN\EBS\AndroidManifest.xml:32:13-56
	android:name
		ADDED from SRL_SVN\EBS\AndroidManifest.xml:30:13-63
activity#com.ebs.android.sdk.EBSHomeConfigurableActivity
ADDED from SRL_SVN\EBS\AndroidManifest.xml:38:9-43:20
	android:screenOrientation
		ADDED from SRL_SVN\EBS\AndroidManifest.xml:42:13-49
	android:label
		ADDED from SRL_SVN\EBS\AndroidManifest.xml:40:13-77
	android:theme
		ADDED from SRL_SVN\EBS\AndroidManifest.xml:41:13-56
	android:name
		ADDED from SRL_SVN\EBS\AndroidManifest.xml:39:13-75
activity#com.ebs.android.sdk.PaymentFailureActivity
ADDED from SRL_SVN\EBS\AndroidManifest.xml:44:9-48:20
	android:label
		ADDED from SRL_SVN\EBS\AndroidManifest.xml:47:13-67
	android:theme
		ADDED from SRL_SVN\EBS\AndroidManifest.xml:46:13-56
	android:name
		ADDED from SRL_SVN\EBS\AndroidManifest.xml:45:13-70
activity#com.ebs.android.sdk.IdleTimeOut
ADDED from SRL_SVN\EBS\AndroidManifest.xml:49:9-53:20
	android:label
		ADDED from SRL_SVN\EBS\AndroidManifest.xml:52:13-65
	android:theme
		ADDED from SRL_SVN\EBS\AndroidManifest.xml:51:13-56
	android:name
		ADDED from SRL_SVN\EBS\AndroidManifest.xml:50:13-59
uses-sdk
INJECTED from SRL_SVN\EBS\AndroidManifest.xml reason: use-sdk injection requested
INJECTED from SRL_SVN\EBS\AndroidManifest.xml
INJECTED from SRL_SVN\EBS\AndroidManifest.xml
INJECTED from SRL_SVN\EBS\AndroidManifest.xml
INJECTED from SRL_SVN\EBS\AndroidManifest.xml
	android:targetSdkVersion
		INJECTED from SRL_SVN\EBS\AndroidManifest.xml
		ADDED from SRL_SVN\EBS\AndroidManifest.xml
		INJECTED from SRL_SVN\EBS\AndroidManifest.xml
	android:minSdkVersion
		INJECTED from SRL_SVN\EBS\AndroidManifest.xml
		ADDED from SRL_SVN\EBS\AndroidManifest.xml
		INJECTED from SRL_SVN\EBS\AndroidManifest.xml